[LOG] System::create                           : Header version = 2.02.22. Current version = 2.02.22.
[LOG] Manager::init                            : maxchannels = 256 studioflags = 00000006 flags 00000000 extradriverdata 0x0.
[LOG] SystemI::init                            : Initialize version=20222 (142841), maxchannels=256, flags=0x00020000
[LOG] SystemI::setOutputInternal               : Setting output to 'FMOD Core Audio Output'
[LOG] OutputCoreAudio::init                    : Output running 2 channels at 48000Hz sample rate.
[LOG] OutputCoreAudio::init                    : Maximum hardware read size: 512 samples, Software buffer size: 512 samples, Number of software buffers: 4.
[LOG] Thread::initThread                       : Init FMOD stream thread. Affinity: 0x4000000000000003, Priority: 0xFFFF7FFB, Stack Size: 98304, Semaphore: No, Sleep Time: 10, Looping: Yes.
[LOG] Thread::initThread                       : Init FMOD mixer thread. Affinity: 0x4000000000000001, Priority: 0xFFFF7FFA, Stack Size: 81920, Semaphore: Yes, Sleep Time: 0, Looping: Yes.
[LOG] AsyncManager::init                       : manager 0x11f85ae08 isAsync 0 updatePeriod 0.02
[LOG] AsyncManager::init                       : done
[LOG] PlaybackSystem::init                     : 
[LOG] Thread::initThread                       : Init FMOD Studio sample load thread. Affinity: 0x4000000000000003, Priority: 0xFFFF7FFD, Stack Size: 98304, Semaphore: No, Sleep Time: 1, Looping: No.
[LOG] PlaybackSystem::init                     : done
[LOG] Thread::initThread                       : Init FMOD Studio bank load thread. Affinity: 0x4000000000000003, Priority: 0xFFFF7FFD, Stack Size: 98304, Semaphore: No, Sleep Time: 1, Looping: No.
[LOG] Manager::init                            : done.
[WRN] OutputRingBuffer::read                   : Insufficient buffer size detected, requested 4096 bytes, buffer size is 1024 bytes.
[LOG] Manager::readBank                        : fileversion = 142, compatVersion = 140 (oldest = 44, newest = 142)
[LOG] Manager::readBank                        : fileversion = 142, compatVersion = 140 (oldest = 44, newest = 142)
[LOG] Manager::readBank                        : fileversion = 142, compatVersion = 140 (oldest = 44, newest = 142)
[LOG] PlaybackSystem::acquireMasterBus         : Setting master channel group format to 6
[LOG] Manager::readBank                        : fileversion = 142, compatVersion = 140 (oldest = 44, newest = 142)
[WRN] OutputRingBuffer::read                   : Insufficient buffer size detected, requested 4096 bytes, buffer size is 1024 bytes.
[WRN] OutputRingBuffer::read                   : Insufficient buffer size detected, requested 4096 bytes, buffer size is 1024 bytes.
[WRN] OutputRingBuffer::read                   : Insufficient buffer size detected, requested 4096 bytes, buffer size is 1024 bytes.
[WRN] OutputRingBuffer::read                   : Insufficient buffer size detected, requested 4096 bytes, buffer size is 1024 bytes.
[WRN] OutputRingBuffer::read                   : Insufficient buffer size detected, requested 4096 bytes, buffer size is 1024 bytes.
[WRN] OutputRingBuffer::read                   : Insufficient buffer size detected, requested 4096 bytes, buffer size is 1024 bytes.
[LOG] SystemI::createSound                     : filename = ../FMOD Studio/floor_land/Build/Desktop/sound_effects.bank : mode 02010082
[LOG] SystemI::createSound                     : FMOD_NONBLOCKING specified.  Putting into queue to be opened asynchronously!
[LOG] Thread::initThread                       : Init FMOD nonblocking thread (0). Affinity: 0x4000000000000003, Priority: 0xFFFF7FFC, Stack Size: 114688, Semaphore: Yes, Sleep Time: 0, Looping: Yes.
[LOG] AsyncThread::add                         : add sound to async queue : soundi = 0x3778d4718, queue head = 0x3778cde88, queue count = 0
[LOG] AsyncThread::threadFunc                  : Starting Asynchronous operation on sound 0x3778d4718
[LOG] SystemI::createSoundInternal             :     Create name='../FMOD Studio/floor_land/Build/Desktop/sound_effects.bank', mode=0x02010082
[LOG] SystemI::createSoundInternal             :     exinfo->cbsize             = 224
[LOG] SystemI::createSoundInternal             :     exinfo->length             = 2056000
[LOG] SystemI::createSoundInternal             :     exinfo->fileoffset         = 3328
[LOG] SystemI::createSoundInternal             :     exinfo->numsubsounds       = 1
[LOG] SystemI::createSoundInternal             :     exinfo->inclusionlist      = 0x377860910
[LOG] SystemI::createSoundInternal             :     exinfo->inclusionlistnum   = 1
[LOG] SystemI::createSoundInternal             :     exinfo->suggestedsoundtype = 5
[LOG] SystemI::createSoundInternal             :     exinfo->initialseekpostype = 1
[LOG] SystemI::createSoundInternal             :     Stream 0/1: name='stage1_Music', format=5, channels=2, frequency=48000, lengthbytes=2026528, lengthpcm=7481088, pcmblocksize=0, loopstart=0, loopend=0, mode=0x00000000, channelmask=0x00000000, channelorder=0, peakvolume=0.718719.
[LOG] Thread::initThread                       :     Init FMOD file thread. Affinity: 0x4000000000000003, Priority: 0xFFFF7FFC, Stack Size: 65536, Semaphore: No, Sleep Time: 10, Looping: Yes.
[LOG] AsyncThread::threadFunc                  : Finished Asynchronous operation on sound 0x3778d4718
[WRN] OutputRingBuffer::read                   : Insufficient buffer size detected, requested 4096 bytes, buffer size is 1024 bytes.
[WRN] OutputRingBuffer::read                   : Insufficient buffer size detected, requested 4096 bytes, buffer size is 1024 bytes.
[WRN] OutputRingBuffer::read                   : Insufficient buffer size detected, requested 4096 bytes, buffer size is 1024 bytes.
[WRN] OutputRingBuffer::read                   : Insufficient buffer size detected, requested 4096 bytes, buffer size is 1024 bytes.
[WRN] OutputRingBuffer::read                   : Insufficient buffer size detected, requested 4096 bytes, buffer size is 1024 bytes.
[WRN] OutputRingBuffer::read                   : Insufficient buffer size detected, requested 4096 bytes, buffer size is 1024 bytes.
[WRN] OutputRingBuffer::read                   : Insufficient buffer size detected, requested 4096 bytes, buffer size is 1024 bytes.
[WRN] OutputRingBuffer::read                   : Insufficient buffer size detected, requested 4096 bytes, buffer size is 1024 bytes.
[WRN] OutputRingBuffer::read                   : Insufficient buffer size detected, requested 4096 bytes, buffer size is 1024 bytes.
[WRN] OutputRingBuffer::read                   : Insufficient buffer size detected, requested 4096 bytes, buffer size is 1024 bytes.
[WRN] OutputRingBuffer::read                   : Insufficient buffer size detected, requested 4096 bytes, buffer size is 1024 bytes.
[WRN] OutputRingBuffer::read                   : Insufficient buffer size detected, requested 4096 bytes, buffer size is 1024 bytes.
[WRN] OutputRingBuffer::read                   : Insufficient buffer size detected, requested 4096 bytes, buffer size is 1024 bytes.
[WRN] OutputRingBuffer::read                   : Insufficient buffer size detected, requested 4096 bytes, buffer size is 1024 bytes.
[WRN] OutputRingBuffer::read                   : Insufficient buffer size detected, requested 4096 bytes, buffer size is 1024 bytes.
[WRN] OutputRingBuffer::read                   : Insufficient buffer size detected, requested 4096 bytes, buffer size is 1024 bytes.
[WRN] OutputRingBuffer::read                   : Insufficient buffer size detected, requested 4096 bytes, buffer size is 1024 bytes.
[WRN] OutputRingBuffer::read                   : Insufficient buffer size detected, requested 4096 bytes, buffer size is 1024 bytes.
[WRN] OutputRingBuffer::read                   : Insufficient buffer size detected, requested 4096 bytes, buffer size is 1024 bytes.
[WRN] OutputRingBuffer::read                   : Insufficient buffer size detected, requested 4096 bytes, buffer size is 1024 bytes.
[WRN] OutputRingBuffer::read                   : Insufficient buffer size detected, requested 4096 bytes, buffer size is 1024 bytes.
[WRN] OutputRingBuffer::read                   : Insufficient buffer size detected, requested 4096 bytes, buffer size is 1024 bytes.
[WRN] OutputRingBuffer::read                   : Insufficient buffer size detected, requested 4096 bytes, buffer size is 1024 bytes.
[WRN] OutputRingBuffer::read                   : Insufficient buffer size detected, requested 4096 bytes, buffer size is 1024 bytes.
[WRN] OutputRingBuffer::read                   : Insufficient buffer size detected, requested 4096 bytes, buffer size is 1024 bytes.
[WRN] OutputRingBuffer::read                   : Insufficient buffer size detected, requested 4096 bytes, buffer size is 1024 bytes.
[WRN] OutputRingBuffer::read                   : Insufficient buffer size detected, requested 4096 bytes, buffer size is 1024 bytes.
[WRN] OutputRingBuffer::read                   : Insufficient buffer size detected, requested 4096 bytes, buffer size is 1024 bytes.
[WRN] OutputRingBuffer::read                   : Insufficient buffer size detected, requested 4096 bytes, buffer size is 1024 bytes.
[WRN] OutputRingBuffer::read                   : Insufficient buffer size detected, requested 4096 bytes, buffer size is 1024 bytes.
[WRN] OutputRingBuffer::read                   : Insufficient buffer size detected, requested 4096 bytes, buffer size is 1024 bytes.
[WRN] OutputRingBuffer::read                   : Insufficient buffer size detected, requested 4096 bytes, buffer size is 1024 bytes.
[WRN] OutputRingBuffer::read                   : Insufficient buffer size detected, requested 4096 bytes, buffer size is 1024 bytes.
[WRN] OutputRingBuffer::read                   : Insufficient buffer size detected, requested 4096 bytes, buffer size is 1024 bytes.
[WRN] OutputRingBuffer::read                   : Insufficient buffer size detected, requested 4096 bytes, buffer size is 1024 bytes.
[WRN] OutputRingBuffer::read                   : Insufficient buffer size detected, requested 4096 bytes, buffer size is 1024 bytes.
[WRN] OutputRingBuffer::read                   : Insufficient buffer size detected, requested 4096 bytes, buffer size is 1024 bytes.
[WRN] OutputRingBuffer::read                   : Insufficient buffer size detected, requested 4096 bytes, buffer size is 1024 bytes.
[WRN] OutputRingBuffer::read                   : Insufficient buffer size detected, requested 4096 bytes, buffer size is 1024 bytes.
[WRN] OutputRingBuffer::read                   : Insufficient buffer size detected, requested 4096 bytes, buffer size is 1024 bytes.
[WRN] OutputRingBuffer::read                   : Insufficient buffer size detected, requested 4096 bytes, buffer size is 1024 bytes.
[WRN] OutputRingBuffer::read                   : Insufficient buffer size detected, requested 4096 bytes, buffer size is 1024 bytes.
[WRN] OutputRingBuffer::read                   : Insufficient buffer size detected, requested 4096 bytes, buffer size is 1024 bytes.
[WRN] OutputRingBuffer::read                   : Insufficient buffer size detected, requested 4096 bytes, buffer size is 1024 bytes.
[WRN] OutputRingBuffer::read                   : Insufficient buffer size detected, requested 4096 bytes, buffer size is 1024 bytes.
[WRN] OutputRingBuffer::read                   : Insufficient buffer size detected, requested 4096 bytes, buffer size is 1024 bytes.
[WRN] OutputRingBuffer::read                   : Insufficient buffer size detected, requested 4096 bytes, buffer size is 1024 bytes.
[WRN] OutputRingBuffer::read                   : Insufficient buffer size detected, requested 4096 bytes, buffer size is 1024 bytes.
[LOG] SoundI::release                          : stage1_Music (0x3778d4718)
[WRN] OutputRingBuffer::read                   : Insufficient buffer size detected, requested 4096 bytes, buffer size is 1024 bytes.
[LOG] SoundI::release                          :     stage1_Music (0x11e7d61e8)
[LOG] SoundI::release                          :     stage1_Music (0x11e7663a8)
[WRN] OutputRingBuffer::read                   : Insufficient buffer size detected, requested 4096 bytes, buffer size is 1024 bytes.
[WRN] OutputRingBuffer::read                   : Insufficient buffer size detected, requested 4096 bytes, buffer size is 1024 bytes.
[WRN] OutputRingBuffer::read                   : Insufficient buffer size detected, requested 4096 bytes, buffer size is 1024 bytes.
[WRN] OutputRingBuffer::read                   : Insufficient buffer size detected, requested 4096 bytes, buffer size is 1024 bytes.
[LOG] Thread::callback                         : FMOD Studio update thread finished.
[WRN] OutputRingBuffer::read                   : Insufficient buffer size detected, requested 4096 bytes, buffer size is 1024 bytes.
[LOG] Thread::callback                         : FMOD Studio bank load thread finished.
[LOG] Profile::disconnectAll                   : Profiler disconnecting all clients
[LOG] Thread::callback                         : FMOD Studio sample load thread finished.
[LOG] LiveUpdate::release                      : 
[LOG] LiveUpdate::reset                        : Reset connection (reason Disconnected)
[WRN] OutputRingBuffer::read                   : Insufficient buffer size detected, requested 4096 bytes, buffer size is 1024 bytes.
[LOG] Thread::callback                         : FMOD stream thread finished.
[LOG] Thread::callback                         : FMOD mixer thread finished.
[LOG] Profile::disconnectAll                   : Profiler disconnecting all clients
[LOG] SystemI::close                           : Closed.
[LOG] Thread::callback                         : FMOD Studio bank load thread finished.
[LOG] Thread::callback                         : FMOD Studio sample load thread finished.
[LOG] LiveUpdate::release                      : 
[LOG] LiveUpdate::reset                        : Reset connection (reason Disconnected)
[LOG] Thread::callback                         : FMOD stream thread finished.
[LOG] Thread::callback                         : FMOD mixer thread finished.
[LOG] SystemI::close                           : Closed.
[LOG] Thread::callback                         : FMOD nonblocking thread (0) finished.
[LOG] Thread::callback                         : FMOD file thread finished.
